<?xml version="1.0" encoding="UTF-8"?>
<testng-results skipped="0" failed="0" ignored="0" total="1" passed="1">
  <reporter-output>
  </reporter-output>
  <suite name="Default suite" duration-ms="60756" started-at="2021-12-10T13:46:47 IST" finished-at="2021-12-10T13:47:48 IST">
    <groups>
    </groups>
    <test name="Default test" duration-ms="60756" started-at="2021-12-10T13:46:47 IST" finished-at="2021-12-10T13:47:48 IST">
      <class name="com.tests.pageobjects.OrangeHRM">
        <test-method status="PASS" signature="VerifyValidLogin()[pri:0, instance:com.tests.pageobjects.OrangeHRM@eafc191]" name="VerifyValidLogin" duration-ms="60696" started-at="2021-12-10T13:46:47 IST" finished-at="2021-12-10T13:47:48 IST">
          <reporter-output>
          </reporter-output>
        </test-method> <!-- VerifyValidLogin -->
      </class> <!-- com.tests.pageobjects.OrangeHRM -->
    </test> <!-- Default test -->
  </suite> <!-- Default suite -->
</testng-results>
